{"/Users/marcosriani/Documents/Web-Development-2020/Udacity/FEND-Capstone-Travel App/src/client/js/formHandler.js": {"path":"/Users/marcosriani/Documents/Web-Development-2020/Udacity/FEND-Capstone-Travel App/src/client/js/formHandler.js","statementMap":{"0":{"start":{"line":2,"column":2},"end":{"line":2,"column":25}},"1":{"start":{"line":5,"column":23},"end":{"line":5,"column":61}},"2":{"start":{"line":6,"column":33},"end":{"line":6,"column":66}},"3":{"start":{"line":7,"column":23},"end":{"line":7,"column":60}},"4":{"start":{"line":9,"column":2},"end":{"line":9,"column":38}},"5":{"start":{"line":11,"column":2},"end":{"line":13,"column":11}},"6":{"start":{"line":16,"column":20},"end":{"line":16,"column":51}},"7":{"start":{"line":17,"column":17},"end":{"line":17,"column":32}},"8":{"start":{"line":19,"column":21},"end":{"line":19,"column":51}},"9":{"start":{"line":20,"column":2},"end":{"line":23,"column":3}},"10":{"start":{"line":21,"column":4},"end":{"line":21,"column":66}},"11":{"start":{"line":22,"column":4},"end":{"line":22,"column":43}},"12":{"start":{"line":26,"column":20},"end":{"line":26,"column":55}},"13":{"start":{"line":27,"column":19},"end":{"line":27,"column":34}},"14":{"start":{"line":29,"column":20},"end":{"line":29,"column":22}},"15":{"start":{"line":30,"column":2},"end":{"line":39,"column":3}},"16":{"start":{"line":31,"column":12},"end":{"line":31,"column":30}},"17":{"start":{"line":32,"column":15},"end":{"line":32,"column":75}},"18":{"start":{"line":33,"column":15},"end":{"line":33,"column":74}},"19":{"start":{"line":34,"column":15},"end":{"line":34,"column":74}},"20":{"start":{"line":36,"column":4},"end":{"line":36,"column":38}},"21":{"start":{"line":38,"column":4},"end":{"line":38,"column":43}},"22":{"start":{"line":41,"column":19},"end":{"line":47,"column":3}},"23":{"start":{"line":43,"column":18},"end":{"line":43,"column":62}},"24":{"start":{"line":44,"column":17},"end":{"line":44,"column":58}},"25":{"start":{"line":46,"column":4},"end":{"line":46,"column":16}},"26":{"start":{"line":50,"column":2},"end":{"line":50,"column":38}},"27":{"start":{"line":53,"column":19},"end":{"line":69,"column":3}},"28":{"start":{"line":54,"column":21},"end":{"line":61,"column":6}},"29":{"start":{"line":63,"column":4},"end":{"line":68,"column":5}},"30":{"start":{"line":64,"column":22},"end":{"line":64,"column":43}},"31":{"start":{"line":65,"column":6},"end":{"line":65,"column":21}},"32":{"start":{"line":67,"column":6},"end":{"line":67,"column":34}},"33":{"start":{"line":72,"column":21},"end":{"line":81,"column":3}},"34":{"start":{"line":73,"column":21},"end":{"line":73,"column":65}},"35":{"start":{"line":75,"column":4},"end":{"line":80,"column":5}},"36":{"start":{"line":76,"column":19},"end":{"line":76,"column":40}},"37":{"start":{"line":77,"column":6},"end":{"line":77,"column":18}},"38":{"start":{"line":79,"column":6},"end":{"line":79,"column":41}},"39":{"start":{"line":85,"column":2},"end":{"line":135,"column":11}},"40":{"start":{"line":87,"column":8},"end":{"line":133,"column":11}},"41":{"start":{"line":88,"column":10},"end":{"line":88,"column":28}},"42":{"start":{"line":90,"column":32},"end":{"line":90,"column":69}},"43":{"start":{"line":92,"column":12},"end":{"line":92,"column":57}},"44":{"start":{"line":94,"column":12},"end":{"line":94,"column":61}},"45":{"start":{"line":96,"column":12},"end":{"line":96,"column":57}},"46":{"start":{"line":98,"column":27},"end":{"line":98,"column":45}},"47":{"start":{"line":99,"column":30},"end":{"line":99,"column":55}},"48":{"start":{"line":101,"column":23},"end":{"line":101,"column":34}},"49":{"start":{"line":103,"column":25},"end":{"line":103,"column":43}},"50":{"start":{"line":104,"column":33},"end":{"line":104,"column":78}},"51":{"start":{"line":105,"column":33},"end":{"line":105,"column":78}},"52":{"start":{"line":107,"column":12},"end":{"line":107,"column":65}},"53":{"start":{"line":108,"column":28},"end":{"line":108,"column":52}},"54":{"start":{"line":109,"column":30},"end":{"line":109,"column":52}},"55":{"start":{"line":110,"column":25},"end":{"line":110,"column":49}},"56":{"start":{"line":111,"column":26},"end":{"line":111,"column":51}},"57":{"start":{"line":112,"column":31},"end":{"line":112,"column":61}},"58":{"start":{"line":113,"column":28},"end":{"line":113,"column":69}},"59":{"start":{"line":114,"column":29},"end":{"line":114,"column":65}},"60":{"start":{"line":116,"column":10},"end":{"line":116,"column":20}},"61":{"start":{"line":117,"column":10},"end":{"line":132,"column":12}},"62":{"start":{"line":138,"column":18},"end":{"line":144,"column":3}},"63":{"start":{"line":140,"column":4},"end":{"line":140,"column":25}},"64":{"start":{"line":141,"column":4},"end":{"line":141,"column":25}},"65":{"start":{"line":142,"column":20},"end":{"line":142,"column":51}},"66":{"start":{"line":143,"column":4},"end":{"line":143,"column":27}},"67":{"start":{"line":147,"column":18},"end":{"line":157,"column":3}},"68":{"start":{"line":148,"column":4},"end":{"line":156,"column":6}},"69":{"start":{"line":159,"column":19},"end":{"line":290,"column":3}},"70":{"start":{"line":176,"column":20},"end":{"line":176,"column":51}},"71":{"start":{"line":177,"column":24},"end":{"line":177,"column":37}},"72":{"start":{"line":178,"column":24},"end":{"line":178,"column":37}},"73":{"start":{"line":180,"column":4},"end":{"line":180,"column":42}},"74":{"start":{"line":181,"column":4},"end":{"line":181,"column":42}},"75":{"start":{"line":183,"column":4},"end":{"line":183,"column":37}},"76":{"start":{"line":184,"column":4},"end":{"line":184,"column":37}},"77":{"start":{"line":188,"column":21},"end":{"line":188,"column":34}},"78":{"start":{"line":189,"column":25},"end":{"line":189,"column":38}},"79":{"start":{"line":191,"column":4},"end":{"line":191,"column":36}},"80":{"start":{"line":193,"column":4},"end":{"line":193,"column":47}},"81":{"start":{"line":195,"column":4},"end":{"line":195,"column":39}},"82":{"start":{"line":196,"column":4},"end":{"line":196,"column":38}},"83":{"start":{"line":199,"column":18},"end":{"line":199,"column":31}},"84":{"start":{"line":200,"column":20},"end":{"line":200,"column":34}},"85":{"start":{"line":201,"column":20},"end":{"line":201,"column":34}},"86":{"start":{"line":202,"column":15},"end":{"line":202,"column":27}},"87":{"start":{"line":204,"column":4},"end":{"line":204,"column":30}},"88":{"start":{"line":206,"column":4},"end":{"line":206,"column":39}},"89":{"start":{"line":207,"column":4},"end":{"line":207,"column":28}},"90":{"start":{"line":208,"column":4},"end":{"line":208,"column":43}},"91":{"start":{"line":210,"column":4},"end":{"line":210,"column":31}},"92":{"start":{"line":211,"column":4},"end":{"line":211,"column":26}},"93":{"start":{"line":212,"column":4},"end":{"line":212,"column":28}},"94":{"start":{"line":214,"column":4},"end":{"line":214,"column":35}},"95":{"start":{"line":217,"column":25},"end":{"line":217,"column":38}},"96":{"start":{"line":218,"column":26},"end":{"line":218,"column":40}},"97":{"start":{"line":219,"column":30},"end":{"line":219,"column":44}},"98":{"start":{"line":220,"column":27},"end":{"line":220,"column":38}},"99":{"start":{"line":222,"column":4},"end":{"line":222,"column":44}},"100":{"start":{"line":223,"column":4},"end":{"line":223,"column":46}},"101":{"start":{"line":224,"column":4},"end":{"line":224,"column":54}},"102":{"start":{"line":226,"column":4},"end":{"line":226,"column":44}},"103":{"start":{"line":227,"column":4},"end":{"line":227,"column":48}},"104":{"start":{"line":229,"column":4},"end":{"line":229,"column":46}},"105":{"start":{"line":230,"column":4},"end":{"line":230,"column":50}},"106":{"start":{"line":231,"column":4},"end":{"line":231,"column":45}},"107":{"start":{"line":232,"column":4},"end":{"line":232,"column":42}},"108":{"start":{"line":235,"column":27},"end":{"line":235,"column":40}},"109":{"start":{"line":236,"column":25},"end":{"line":236,"column":36}},"110":{"start":{"line":237,"column":29},"end":{"line":237,"column":43}},"111":{"start":{"line":238,"column":29},"end":{"line":238,"column":43}},"112":{"start":{"line":240,"column":4},"end":{"line":240,"column":48}},"113":{"start":{"line":242,"column":4},"end":{"line":242,"column":47}},"114":{"start":{"line":243,"column":4},"end":{"line":243,"column":45}},"115":{"start":{"line":244,"column":4},"end":{"line":244,"column":47}},"116":{"start":{"line":246,"column":4},"end":{"line":246,"column":45}},"117":{"start":{"line":247,"column":4},"end":{"line":247,"column":47}},"118":{"start":{"line":248,"column":4},"end":{"line":248,"column":47}},"119":{"start":{"line":249,"column":4},"end":{"line":249,"column":44}},"120":{"start":{"line":252,"column":25},"end":{"line":252,"column":38}},"121":{"start":{"line":253,"column":27},"end":{"line":253,"column":38}},"122":{"start":{"line":254,"column":27},"end":{"line":254,"column":38}},"123":{"start":{"line":255,"column":30},"end":{"line":255,"column":44}},"124":{"start":{"line":256,"column":30},"end":{"line":256,"column":44}},"125":{"start":{"line":257,"column":27},"end":{"line":257,"column":38}},"126":{"start":{"line":259,"column":4},"end":{"line":259,"column":44}},"127":{"start":{"line":260,"column":4},"end":{"line":260,"column":48}},"128":{"start":{"line":261,"column":4},"end":{"line":261,"column":48}},"129":{"start":{"line":262,"column":4},"end":{"line":262,"column":48}},"130":{"start":{"line":264,"column":4},"end":{"line":264,"column":62}},"131":{"start":{"line":265,"column":4},"end":{"line":265,"column":65}},"132":{"start":{"line":266,"column":4},"end":{"line":266,"column":62}},"133":{"start":{"line":267,"column":4},"end":{"line":267,"column":50}},"134":{"start":{"line":269,"column":4},"end":{"line":269,"column":45}},"135":{"start":{"line":270,"column":4},"end":{"line":270,"column":50}},"136":{"start":{"line":271,"column":4},"end":{"line":271,"column":50}},"137":{"start":{"line":272,"column":4},"end":{"line":272,"column":45}},"138":{"start":{"line":273,"column":4},"end":{"line":273,"column":45}},"139":{"start":{"line":274,"column":4},"end":{"line":274,"column":42}},"140":{"start":{"line":277,"column":23},"end":{"line":277,"column":36}},"141":{"start":{"line":278,"column":22},"end":{"line":278,"column":33}},"142":{"start":{"line":280,"column":4},"end":{"line":280,"column":40}},"143":{"start":{"line":281,"column":4},"end":{"line":281,"column":38}},"144":{"start":{"line":283,"column":4},"end":{"line":283,"column":212}},"145":{"start":{"line":285,"column":4},"end":{"line":285,"column":38}},"146":{"start":{"line":286,"column":4},"end":{"line":286,"column":40}},"147":{"start":{"line":289,"column":4},"end":{"line":289,"column":41}}},"fnMap":{"0":{"name":"handleSubmit","decl":{"start":{"line":1,"column":9},"end":{"line":1,"column":21}},"loc":{"start":{"line":1,"column":29},"end":{"line":291,"column":1}},"line":1},"1":{"name":"(anonymous_1)","decl":{"start":{"line":41,"column":19},"end":{"line":41,"column":20}},"loc":{"start":{"line":41,"column":32},"end":{"line":47,"column":3}},"line":41},"2":{"name":"(anonymous_2)","decl":{"start":{"line":53,"column":19},"end":{"line":53,"column":20}},"loc":{"start":{"line":53,"column":50},"end":{"line":69,"column":3}},"line":53},"3":{"name":"(anonymous_3)","decl":{"start":{"line":72,"column":21},"end":{"line":72,"column":22}},"loc":{"start":{"line":72,"column":33},"end":{"line":81,"column":3}},"line":72},"4":{"name":"(anonymous_4)","decl":{"start":{"line":86,"column":65},"end":{"line":86,"column":66}},"loc":{"start":{"line":86,"column":75},"end":{"line":134,"column":7}},"line":86},"5":{"name":"(anonymous_5)","decl":{"start":{"line":87,"column":26},"end":{"line":87,"column":27}},"loc":{"start":{"line":87,"column":36},"end":{"line":133,"column":9}},"line":87},"6":{"name":"(anonymous_6)","decl":{"start":{"line":138,"column":18},"end":{"line":138,"column":19}},"loc":{"start":{"line":138,"column":24},"end":{"line":144,"column":3}},"line":138},"7":{"name":"(anonymous_7)","decl":{"start":{"line":147,"column":18},"end":{"line":147,"column":19}},"loc":{"start":{"line":147,"column":24},"end":{"line":157,"column":3}},"line":147},"8":{"name":"(anonymous_8)","decl":{"start":{"line":159,"column":19},"end":{"line":159,"column":20}},"loc":{"start":{"line":174,"column":7},"end":{"line":290,"column":3}},"line":174}},"branchMap":{"0":{"loc":{"start":{"line":11,"column":2},"end":{"line":13,"column":10}},"type":"cond-expr","locations":[{"start":{"line":12,"column":7},"end":{"line":12,"column":53}},{"start":{"line":13,"column":6},"end":{"line":13,"column":10}}],"line":11},"1":{"loc":{"start":{"line":20,"column":2},"end":{"line":23,"column":3}},"type":"if","locations":[{"start":{"line":20,"column":2},"end":{"line":23,"column":3}},{"start":{"line":20,"column":2},"end":{"line":23,"column":3}}],"line":20},"2":{"loc":{"start":{"line":30,"column":2},"end":{"line":39,"column":3}},"type":"if","locations":[{"start":{"line":30,"column":2},"end":{"line":39,"column":3}},{"start":{"line":30,"column":2},"end":{"line":39,"column":3}}],"line":30},"3":{"loc":{"start":{"line":53,"column":26},"end":{"line":53,"column":34}},"type":"default-arg","locations":[{"start":{"line":53,"column":32},"end":{"line":53,"column":34}}],"line":53},"4":{"loc":{"start":{"line":53,"column":36},"end":{"line":53,"column":45}},"type":"default-arg","locations":[{"start":{"line":53,"column":43},"end":{"line":53,"column":45}}],"line":53},"5":{"loc":{"start":{"line":85,"column":2},"end":{"line":135,"column":10}},"type":"cond-expr","locations":[{"start":{"line":86,"column":6},"end":{"line":134,"column":8}},{"start":{"line":135,"column":6},"end":{"line":135,"column":10}}],"line":85}},"s":{"0":0,"1":0,"2":0,"3":0,"4":0,"5":0,"6":0,"7":0,"8":0,"9":0,"10":0,"11":0,"12":0,"13":0,"14":0,"15":0,"16":0,"17":0,"18":0,"19":0,"20":0,"21":0,"22":0,"23":0,"24":0,"25":0,"26":0,"27":0,"28":0,"29":0,"30":0,"31":0,"32":0,"33":0,"34":0,"35":0,"36":0,"37":0,"38":0,"39":0,"40":0,"41":0,"42":0,"43":0,"44":0,"45":0,"46":0,"47":0,"48":0,"49":0,"50":0,"51":0,"52":0,"53":0,"54":0,"55":0,"56":0,"57":0,"58":0,"59":0,"60":0,"61":0,"62":0,"63":0,"64":0,"65":0,"66":0,"67":0,"68":0,"69":0,"70":0,"71":0,"72":0,"73":0,"74":0,"75":0,"76":0,"77":0,"78":0,"79":0,"80":0,"81":0,"82":0,"83":0,"84":0,"85":0,"86":0,"87":0,"88":0,"89":0,"90":0,"91":0,"92":0,"93":0,"94":0,"95":0,"96":0,"97":0,"98":0,"99":0,"100":0,"101":0,"102":0,"103":0,"104":0,"105":0,"106":0,"107":0,"108":0,"109":0,"110":0,"111":0,"112":0,"113":0,"114":0,"115":0,"116":0,"117":0,"118":0,"119":0,"120":0,"121":0,"122":0,"123":0,"124":0,"125":0,"126":0,"127":0,"128":0,"129":0,"130":0,"131":0,"132":0,"133":0,"134":0,"135":0,"136":0,"137":0,"138":0,"139":0,"140":0,"141":0,"142":0,"143":0,"144":0,"145":0,"146":0,"147":0},"f":{"0":0,"1":0,"2":0,"3":0,"4":0,"5":0,"6":0,"7":0,"8":0},"b":{"0":[0,0],"1":[0,0],"2":[0,0],"3":[0],"4":[0],"5":[0,0]},"_coverageSchema":"1a1c01bbd47fc00a2c39e90264f33305004495a9","hash":"398665362fe2eaf794488e7492f697a5aa3f26f5"}
,"/Users/marcosriani/Documents/Web-Development-2020/Udacity/FEND-Capstone-Travel App/src/client/js/validatorAndButton.js": {"path":"/Users/marcosriani/Documents/Web-Development-2020/Udacity/FEND-Capstone-Travel App/src/client/js/validatorAndButton.js","statementMap":{"0":{"start":{"line":3,"column":26},"end":{"line":3,"column":67}},"1":{"start":{"line":4,"column":32},"end":{"line":4,"column":75}},"2":{"start":{"line":7,"column":19},"end":{"line":17,"column":3}},"3":{"start":{"line":8,"column":4},"end":{"line":16,"column":5}},"4":{"start":{"line":9,"column":6},"end":{"line":9,"column":78}},"5":{"start":{"line":10,"column":6},"end":{"line":10,"column":46}},"6":{"start":{"line":11,"column":6},"end":{"line":13,"column":15}},"7":{"start":{"line":12,"column":8},"end":{"line":12,"column":47}},"8":{"start":{"line":15,"column":6},"end":{"line":15,"column":45}},"9":{"start":{"line":20,"column":2},"end":{"line":20,"column":39}},"10":{"start":{"line":23,"column":2},"end":{"line":23,"column":32}},"11":{"start":{"line":25,"column":33},"end":{"line":25,"column":66}},"12":{"start":{"line":26,"column":23},"end":{"line":26,"column":61}},"13":{"start":{"line":28,"column":2},"end":{"line":32,"column":5}},"14":{"start":{"line":29,"column":4},"end":{"line":29,"column":46}},"15":{"start":{"line":30,"column":4},"end":{"line":30,"column":41}},"16":{"start":{"line":31,"column":4},"end":{"line":31,"column":50}}},"fnMap":{"0":{"name":"validatorAndButton","decl":{"start":{"line":1,"column":9},"end":{"line":1,"column":27}},"loc":{"start":{"line":1,"column":38},"end":{"line":33,"column":1}},"line":1},"1":{"name":"(anonymous_1)","decl":{"start":{"line":7,"column":19},"end":{"line":7,"column":20}},"loc":{"start":{"line":7,"column":34},"end":{"line":17,"column":3}},"line":7},"2":{"name":"(anonymous_2)","decl":{"start":{"line":11,"column":17},"end":{"line":11,"column":18}},"loc":{"start":{"line":11,"column":23},"end":{"line":13,"column":7}},"line":11},"3":{"name":"(anonymous_3)","decl":{"start":{"line":28,"column":51},"end":{"line":28,"column":52}},"loc":{"start":{"line":28,"column":57},"end":{"line":32,"column":3}},"line":28}},"branchMap":{"0":{"loc":{"start":{"line":8,"column":4},"end":{"line":16,"column":5}},"type":"if","locations":[{"start":{"line":8,"column":4},"end":{"line":16,"column":5}},{"start":{"line":8,"column":4},"end":{"line":16,"column":5}}],"line":8}},"s":{"0":0,"1":0,"2":0,"3":0,"4":0,"5":0,"6":0,"7":0,"8":0,"9":0,"10":0,"11":0,"12":0,"13":0,"14":0,"15":0,"16":0},"f":{"0":0,"1":0,"2":0,"3":0},"b":{"0":[0,0]},"_coverageSchema":"1a1c01bbd47fc00a2c39e90264f33305004495a9","hash":"a844d2dc68d6ec3c242a7485db77f595cbb40bfc"}
,"/Users/marcosriani/Documents/Web-Development-2020/Udacity/FEND-Capstone-Travel App/src/server/index.js": {"path":"/Users/marcosriani/Documents/Web-Development-2020/Udacity/FEND-Capstone-Travel App/src/server/index.js","statementMap":{"0":{"start":{"line":2,"column":15},"end":{"line":2,"column":32}},"1":{"start":{"line":3,"column":0},"end":{"line":3,"column":16}},"2":{"start":{"line":6,"column":14},"end":{"line":6,"column":35}},"3":{"start":{"line":9,"column":16},"end":{"line":9,"column":34}},"4":{"start":{"line":10,"column":11},"end":{"line":10,"column":26}},"5":{"start":{"line":13,"column":19},"end":{"line":13,"column":41}},"6":{"start":{"line":14,"column":13},"end":{"line":14,"column":28}},"7":{"start":{"line":17,"column":22},"end":{"line":17,"column":47}},"8":{"start":{"line":20,"column":12},"end":{"line":20,"column":21}},"9":{"start":{"line":24,"column":0},"end":{"line":24,"column":16}},"10":{"start":{"line":27,"column":0},"end":{"line":27,"column":51}},"11":{"start":{"line":30,"column":0},"end":{"line":30,"column":27}},"12":{"start":{"line":33,"column":0},"end":{"line":33,"column":32}},"13":{"start":{"line":36,"column":20},"end":{"line":41,"column":1}},"14":{"start":{"line":44,"column":24},"end":{"line":44,"column":63}},"15":{"start":{"line":45,"column":17},"end":{"line":45,"column":33}},"16":{"start":{"line":48,"column":19},"end":{"line":62,"column":1}},"17":{"start":{"line":49,"column":21},"end":{"line":51,"column":36}},"18":{"start":{"line":53,"column":19},"end":{"line":53,"column":42}},"19":{"start":{"line":56,"column":2},"end":{"line":61,"column":3}},"20":{"start":{"line":57,"column":17},"end":{"line":57,"column":38}},"21":{"start":{"line":58,"column":4},"end":{"line":58,"column":16}},"22":{"start":{"line":60,"column":4},"end":{"line":60,"column":39}},"23":{"start":{"line":65,"column":26},"end":{"line":65,"column":73}},"24":{"start":{"line":66,"column":22},"end":{"line":66,"column":38}},"25":{"start":{"line":69,"column":22},"end":{"line":81,"column":1}},"26":{"start":{"line":70,"column":21},"end":{"line":70,"column":75}},"27":{"start":{"line":72,"column":19},"end":{"line":72,"column":42}},"28":{"start":{"line":74,"column":2},"end":{"line":80,"column":3}},"29":{"start":{"line":75,"column":17},"end":{"line":75,"column":38}},"30":{"start":{"line":77,"column":4},"end":{"line":77,"column":16}},"31":{"start":{"line":79,"column":4},"end":{"line":79,"column":39}},"32":{"start":{"line":84,"column":23},"end":{"line":84,"column":49}},"33":{"start":{"line":85,"column":19},"end":{"line":85,"column":35}},"34":{"start":{"line":87,"column":19},"end":{"line":100,"column":1}},"35":{"start":{"line":88,"column":21},"end":{"line":90,"column":5}},"36":{"start":{"line":92,"column":19},"end":{"line":92,"column":42}},"37":{"start":{"line":94,"column":2},"end":{"line":99,"column":3}},"38":{"start":{"line":95,"column":17},"end":{"line":95,"column":38}},"39":{"start":{"line":96,"column":4},"end":{"line":96,"column":16}},"40":{"start":{"line":98,"column":4},"end":{"line":98,"column":39}},"41":{"start":{"line":103,"column":29},"end":{"line":103,"column":69}},"42":{"start":{"line":105,"column":25},"end":{"line":116,"column":1}},"43":{"start":{"line":106,"column":21},"end":{"line":106,"column":59}},"44":{"start":{"line":108,"column":19},"end":{"line":108,"column":42}},"45":{"start":{"line":110,"column":2},"end":{"line":115,"column":3}},"46":{"start":{"line":111,"column":17},"end":{"line":111,"column":38}},"47":{"start":{"line":112,"column":4},"end":{"line":112,"column":16}},"48":{"start":{"line":114,"column":4},"end":{"line":114,"column":39}},"49":{"start":{"line":119,"column":0},"end":{"line":122,"column":3}},"50":{"start":{"line":120,"column":2},"end":{"line":120,"column":34}},"51":{"start":{"line":121,"column":2},"end":{"line":121,"column":24}},"52":{"start":{"line":125,"column":0},"end":{"line":233,"column":3}},"53":{"start":{"line":126,"column":16},"end":{"line":126,"column":34}},"54":{"start":{"line":129,"column":2},"end":{"line":232,"column":5}},"55":{"start":{"line":137,"column":8},"end":{"line":137,"column":27}},"56":{"start":{"line":138,"column":19},"end":{"line":138,"column":21}},"57":{"start":{"line":140,"column":4},"end":{"line":140,"column":32}},"58":{"start":{"line":141,"column":4},"end":{"line":141,"column":28}},"59":{"start":{"line":142,"column":4},"end":{"line":142,"column":29}},"60":{"start":{"line":143,"column":4},"end":{"line":143,"column":35}},"61":{"start":{"line":144,"column":4},"end":{"line":144,"column":37}},"62":{"start":{"line":145,"column":4},"end":{"line":145,"column":39}},"63":{"start":{"line":148,"column":4},"end":{"line":148,"column":39}},"64":{"start":{"line":152,"column":6},"end":{"line":152,"column":66}},"65":{"start":{"line":154,"column":6},"end":{"line":154,"column":67}},"66":{"start":{"line":157,"column":4},"end":{"line":231,"column":7}},"67":{"start":{"line":160,"column":41},"end":{"line":160,"column":45}},"68":{"start":{"line":161,"column":26},"end":{"line":161,"column":28}},"69":{"start":{"line":163,"column":6},"end":{"line":174,"column":9}},"70":{"start":{"line":164,"column":8},"end":{"line":173,"column":11}},"71":{"start":{"line":176,"column":24},"end":{"line":176,"column":26}},"72":{"start":{"line":178,"column":6},"end":{"line":178,"column":45}},"73":{"start":{"line":179,"column":6},"end":{"line":179,"column":38}},"74":{"start":{"line":180,"column":6},"end":{"line":180,"column":46}},"75":{"start":{"line":183,"column":6},"end":{"line":183,"column":48}},"76":{"start":{"line":186,"column":28},"end":{"line":186,"column":79}},"77":{"start":{"line":189,"column":6},"end":{"line":230,"column":9}},"78":{"start":{"line":194,"column":34},"end":{"line":194,"column":46}},"79":{"start":{"line":196,"column":24},"end":{"line":196,"column":26}},"80":{"start":{"line":198,"column":8},"end":{"line":198,"column":43}},"81":{"start":{"line":201,"column":8},"end":{"line":201,"column":50}},"82":{"start":{"line":203,"column":8},"end":{"line":229,"column":11}},"83":{"start":{"line":213,"column":14},"end":{"line":213,"column":21}},"84":{"start":{"line":215,"column":33},"end":{"line":215,"column":35}},"85":{"start":{"line":217,"column":10},"end":{"line":217,"column":37}},"86":{"start":{"line":218,"column":10},"end":{"line":218,"column":53}},"87":{"start":{"line":219,"column":10},"end":{"line":219,"column":43}},"88":{"start":{"line":220,"column":10},"end":{"line":220,"column":41}},"89":{"start":{"line":221,"column":10},"end":{"line":221,"column":43}},"90":{"start":{"line":222,"column":10},"end":{"line":222,"column":37}},"91":{"start":{"line":223,"column":10},"end":{"line":223,"column":47}},"92":{"start":{"line":224,"column":10},"end":{"line":224,"column":49}},"93":{"start":{"line":226,"column":10},"end":{"line":226,"column":55}},"94":{"start":{"line":228,"column":10},"end":{"line":228,"column":32}},"95":{"start":{"line":236,"column":0},"end":{"line":238,"column":3}},"96":{"start":{"line":237,"column":2},"end":{"line":237,"column":24}},"97":{"start":{"line":241,"column":13},"end":{"line":241,"column":17}},"98":{"start":{"line":243,"column":0},"end":{"line":245,"column":3}},"99":{"start":{"line":244,"column":2},"end":{"line":244,"column":46}},"100":{"start":{"line":247,"column":0},"end":{"line":247,"column":21}}},"fnMap":{"0":{"name":"(anonymous_0)","decl":{"start":{"line":48,"column":19},"end":{"line":48,"column":20}},"loc":{"start":{"line":48,"column":48},"end":{"line":62,"column":1}},"line":48},"1":{"name":"(anonymous_1)","decl":{"start":{"line":69,"column":22},"end":{"line":69,"column":23}},"loc":{"start":{"line":69,"column":51},"end":{"line":81,"column":1}},"line":69},"2":{"name":"(anonymous_2)","decl":{"start":{"line":87,"column":19},"end":{"line":87,"column":20}},"loc":{"start":{"line":87,"column":50},"end":{"line":100,"column":1}},"line":87},"3":{"name":"(anonymous_3)","decl":{"start":{"line":105,"column":25},"end":{"line":105,"column":26}},"loc":{"start":{"line":105,"column":47},"end":{"line":116,"column":1}},"line":105},"4":{"name":"(anonymous_4)","decl":{"start":{"line":119,"column":13},"end":{"line":119,"column":14}},"loc":{"start":{"line":119,"column":27},"end":{"line":122,"column":1}},"line":119},"5":{"name":"(anonymous_5)","decl":{"start":{"line":125,"column":19},"end":{"line":125,"column":20}},"loc":{"start":{"line":125,"column":33},"end":{"line":233,"column":1}},"line":125},"6":{"name":"(anonymous_6)","decl":{"start":{"line":129,"column":42},"end":{"line":129,"column":43}},"loc":{"start":{"line":129,"column":55},"end":{"line":232,"column":3}},"line":129},"7":{"name":"(anonymous_7)","decl":{"start":{"line":157,"column":60},"end":{"line":157,"column":61}},"loc":{"start":{"line":157,"column":70},"end":{"line":231,"column":5}},"line":157},"8":{"name":"(anonymous_8)","decl":{"start":{"line":163,"column":24},"end":{"line":163,"column":25}},"loc":{"start":{"line":163,"column":40},"end":{"line":174,"column":7}},"line":163},"9":{"name":"(anonymous_9)","decl":{"start":{"line":192,"column":13},"end":{"line":192,"column":14}},"loc":{"start":{"line":192,"column":23},"end":{"line":230,"column":7}},"line":192},"10":{"name":"(anonymous_10)","decl":{"start":{"line":203,"column":53},"end":{"line":203,"column":54}},"loc":{"start":{"line":203,"column":63},"end":{"line":229,"column":9}},"line":203},"11":{"name":"(anonymous_11)","decl":{"start":{"line":236,"column":20},"end":{"line":236,"column":21}},"loc":{"start":{"line":236,"column":34},"end":{"line":238,"column":1}},"line":236},"12":{"name":"(anonymous_12)","decl":{"start":{"line":243,"column":17},"end":{"line":243,"column":18}},"loc":{"start":{"line":243,"column":23},"end":{"line":245,"column":1}},"line":243}},"branchMap":{},"s":{"0":1,"1":1,"2":1,"3":1,"4":1,"5":1,"6":1,"7":1,"8":1,"9":1,"10":1,"11":1,"12":1,"13":1,"14":1,"15":1,"16":1,"17":0,"18":0,"19":0,"20":0,"21":0,"22":0,"23":1,"24":1,"25":1,"26":0,"27":0,"28":0,"29":0,"30":0,"31":0,"32":1,"33":1,"34":1,"35":0,"36":0,"37":0,"38":0,"39":0,"40":0,"41":1,"42":1,"43":0,"44":0,"45":0,"46":0,"47":0,"48":0,"49":1,"50":0,"51":0,"52":1,"53":0,"54":0,"55":0,"56":0,"57":0,"58":0,"59":0,"60":0,"61":0,"62":0,"63":0,"64":0,"65":0,"66":0,"67":0,"68":0,"69":0,"70":0,"71":0,"72":0,"73":0,"74":0,"75":0,"76":0,"77":0,"78":0,"79":0,"80":0,"81":0,"82":0,"83":0,"84":0,"85":0,"86":0,"87":0,"88":0,"89":0,"90":0,"91":0,"92":0,"93":0,"94":0,"95":1,"96":1,"97":1,"98":1,"99":1,"100":1},"f":{"0":0,"1":0,"2":0,"3":0,"4":0,"5":0,"6":0,"7":0,"8":0,"9":0,"10":0,"11":1,"12":1},"b":{},"_coverageSchema":"1a1c01bbd47fc00a2c39e90264f33305004495a9","hash":"c973ab5e8a9e89f10e1b7bd3f60659bb9788a830"}
}
