TN:
SF:src/client/js/formHandler.js
FN:1,handleSubmit
FN:27,(anonymous_1)
FN:41,(anonymous_2)
FN:60,(anonymous_3)
FN:76,(anonymous_4)
FN:114,(anonymous_5)
FN:117,(anonymous_6)
FNF:7
FNH:0
FNDA:0,handleSubmit
FNDA:0,(anonymous_1)
FNDA:0,(anonymous_2)
FNDA:0,(anonymous_3)
FNDA:0,(anonymous_4)
FNDA:0,(anonymous_5)
FNDA:0,(anonymous_6)
DA:2,0
DA:5,0
DA:6,0
DA:7,0
DA:8,0
DA:10,0
DA:11,0
DA:13,0
DA:18,0
DA:19,0
DA:22,0
DA:24,0
DA:27,0
DA:28,0
DA:32,0
DA:33,0
DA:34,0
DA:36,0
DA:41,0
DA:42,0
DA:51,0
DA:52,0
DA:53,0
DA:55,0
DA:60,0
DA:62,0
DA:63,0
DA:66,0
DA:69,0
DA:70,0
DA:71,0
DA:73,0
DA:76,0
DA:77,0
DA:78,0
DA:79,0
DA:80,0
DA:83,0
DA:84,0
DA:87,0
DA:88,0
DA:90,0
DA:94,0
DA:96,0
DA:101,0
DA:103,0
DA:109,0
DA:110,0
DA:111,0
DA:113,0
DA:115,0
DA:118,0
LF:52
LH:0
BRDA:13,0,0,0
BRDA:13,0,1,0
BRDA:27,1,0,0
BRDA:41,2,0,0
BRDA:41,3,0,0
BRDA:109,4,0,0
BRDA:109,4,1,0
BRDA:109,5,0,0
BRDA:109,5,1,0
BRF:9
BRH:0
end_of_record
TN:
SF:src/client/js/validatorAndButton.js
FN:1,validatorAndButton
FN:7,(anonymous_1)
FN:13,(anonymous_2)
FN:31,(anonymous_3)
FNF:4
FNH:0
FNDA:0,validatorAndButton
FNDA:0,(anonymous_1)
FNDA:0,(anonymous_2)
FNDA:0,(anonymous_3)
DA:3,0
DA:4,0
DA:7,0
DA:8,0
DA:9,0
DA:10,0
DA:11,0
DA:12,0
DA:13,0
DA:14,0
DA:17,0
DA:18,0
DA:23,0
DA:26,0
DA:28,0
DA:29,0
DA:31,0
DA:32,0
DA:33,0
DA:34,0
LF:20
LH:0
BRDA:8,0,0,0
BRDA:8,0,1,0
BRF:2
BRH:0
end_of_record
